0 info it worked if it ends with ok
1 verbose cli [ '/usr/bin/node', '/usr/bin/npm', 'install', '-g', 'markdown' ]
2 info using npm@1.4.28
3 info using node@v0.10.33
4 verbose node symlink /usr/bin/node
5 verbose cache add [ 'markdown', null ]
6 verbose cache add name=undefined spec="markdown" args=["markdown",null]
7 verbose parsed url { protocol: null,
7 verbose parsed url   slashes: null,
7 verbose parsed url   auth: null,
7 verbose parsed url   host: null,
7 verbose parsed url   port: null,
7 verbose parsed url   hostname: null,
7 verbose parsed url   hash: null,
7 verbose parsed url   search: null,
7 verbose parsed url   query: null,
7 verbose parsed url   pathname: 'markdown',
7 verbose parsed url   path: 'markdown',
7 verbose parsed url   href: 'markdown' }
8 silly lockFile 90320b91-markdown markdown
9 verbose lock markdown /home/sebastien/.npm/90320b91-markdown.lock
10 silly lockFile 90320b91-markdown markdown
11 silly lockFile 90320b91-markdown markdown
12 verbose addNamed [ 'markdown', '' ]
13 verbose addNamed [ null, '*' ]
14 silly lockFile b808a1dc-markdown markdown@
15 verbose lock markdown@ /home/sebastien/.npm/b808a1dc-markdown.lock
16 silly addNameRange { name: 'markdown', range: '*', hasData: false }
17 verbose request where is /markdown
18 verbose request registry https://registry.npmjs.org/
19 verbose request id e18e769e4157a3e2
20 verbose url raw /markdown
21 verbose url resolving [ 'https://registry.npmjs.org/', './markdown' ]
22 verbose url resolved https://registry.npmjs.org/markdown
23 verbose request where is https://registry.npmjs.org/markdown
24 info trying registry request attempt 1 at 14:05:12
25 http GET https://registry.npmjs.org/markdown
26 http 200 https://registry.npmjs.org/markdown
27 silly registry.get cb [ 200,
27 silly registry.get   { date: 'Thu, 30 Oct 2014 13:05:13 GMT',
27 silly registry.get     server: 'CouchDB/1.5.0 (Erlang OTP/R16B03)',
27 silly registry.get     etag: '"OP7S9NKHY053XZZDLL7VF7XL"',
27 silly registry.get     'content-type': 'application/json',
27 silly registry.get     'cache-control': 'max-age=60',
27 silly registry.get     'content-length': '9344',
27 silly registry.get     'accept-ranges': 'bytes',
27 silly registry.get     via: '1.1 varnish',
27 silly registry.get     age: '0',
27 silly registry.get     'x-served-by': 'cache-ams4130-AMS',
27 silly registry.get     'x-cache': 'HIT',
27 silly registry.get     'x-cache-hits': '1',
27 silly registry.get     'x-timer': 'S1414674312.983814,VS0,VE639',
27 silly registry.get     vary: 'Accept',
27 silly registry.get     'keep-alive': 'timeout=10, max=50',
27 silly registry.get     connection: 'Keep-Alive' } ]
28 silly addNameRange number 2 { name: 'markdown', range: '*', hasData: true }
29 silly addNameRange versions [ 'markdown',
29 silly addNameRange   [ '0.1.0',
29 silly addNameRange     '0.1.1',
29 silly addNameRange     '0.1.2',
29 silly addNameRange     '0.2.1',
29 silly addNameRange     '0.3.0',
29 silly addNameRange     '0.3.1',
29 silly addNameRange     '0.4.0',
29 silly addNameRange     '0.5.0' ] ]
30 verbose addNamed [ 'markdown', '0.5.0' ]
31 verbose addNamed [ '0.5.0', '0.5.0' ]
32 silly lockFile a99f05a7-markdown-0-5-0 markdown@0.5.0
33 verbose lock markdown@0.5.0 /home/sebastien/.npm/a99f05a7-markdown-0-5-0.lock
34 silly lockFile ce414ae0--org-markdown-markdown-0-5-0-tgz https://registry.npmjs.org/markdown/-/markdown-0.5.0.tgz
35 verbose lock https://registry.npmjs.org/markdown/-/markdown-0.5.0.tgz /home/sebastien/.npm/ce414ae0--org-markdown-markdown-0-5-0-tgz.lock
36 verbose addRemoteTarball [ 'https://registry.npmjs.org/markdown/-/markdown-0.5.0.tgz',
36 verbose addRemoteTarball   '28205b565a8ae7592de207463d6637dc182722b2' ]
37 info retry fetch attempt 1 at 14:05:13
38 verbose fetch to= /tmp/npm-11941-ijIID9-S/registry.npmjs.org/markdown/-/markdown-0.5.0.tgz
39 http GET https://registry.npmjs.org/markdown/-/markdown-0.5.0.tgz
40 http 200 https://registry.npmjs.org/markdown/-/markdown-0.5.0.tgz
41 silly lockFile ce414ae0--org-markdown-markdown-0-5-0-tgz https://registry.npmjs.org/markdown/-/markdown-0.5.0.tgz
42 silly lockFile ce414ae0--org-markdown-markdown-0-5-0-tgz https://registry.npmjs.org/markdown/-/markdown-0.5.0.tgz
43 silly lockFile a99f05a7-markdown-0-5-0 markdown@0.5.0
44 silly lockFile a99f05a7-markdown-0-5-0 markdown@0.5.0
45 silly lockFile b808a1dc-markdown markdown@
46 silly lockFile b808a1dc-markdown markdown@
47 silly resolved [ { name: 'markdown',
47 silly resolved     version: '0.5.0',
47 silly resolved     description: 'A sensible Markdown parser for javascript',
47 silly resolved     keywords: [ 'markdown', 'text processing', 'ast' ],
47 silly resolved     maintainers: [ [Object], [Object] ],
47 silly resolved     contributors: [ [Object], [Object] ],
47 silly resolved     bugs: { url: 'http://github.com/evilstreak/markdown-js/issues' },
47 silly resolved     licenses: [ [Object] ],
47 silly resolved     repository:
47 silly resolved      { type: 'git',
47 silly resolved        url: 'git://github.com/evilstreak/markdown-js.git' },
47 silly resolved     main: './lib/index.js',
47 silly resolved     bin: { md2html: './bin/md2html.js' },
47 silly resolved     dependencies: { nopt: '~2.1.1' },
47 silly resolved     devDependencies: { tap: '~0.3.3' },
47 silly resolved     scripts: { test: 'tap ./test/*.t.js' },
47 silly resolved     _npmUser: { name: 'ashb', email: 'ash_npm@firemirror.com' },
47 silly resolved     _id: 'markdown@0.5.0',
47 silly resolved     optionalDependencies: {},
47 silly resolved     engines: { node: '*' },
47 silly resolved     _engineSupported: true,
47 silly resolved     _npmVersion: '1.1.16',
47 silly resolved     _nodeVersion: 'v0.6.14',
47 silly resolved     _defaultsLoaded: true,
47 silly resolved     dist:
47 silly resolved      { shasum: '28205b565a8ae7592de207463d6637dc182722b2',
47 silly resolved        tarball: 'http://registry.npmjs.org/markdown/-/markdown-0.5.0.tgz' },
47 silly resolved     readme: '',
47 silly resolved     directories: {},
47 silly resolved     _shasum: '28205b565a8ae7592de207463d6637dc182722b2',
47 silly resolved     _from: 'markdown@',
47 silly resolved     _resolved: 'https://registry.npmjs.org/markdown/-/markdown-0.5.0.tgz' } ]
48 info install markdown@0.5.0 into /usr/lib
49 info installOne markdown@0.5.0
50 verbose lib/node_modules/markdown unbuild
51 verbose tar unpack /home/sebastien/.npm/markdown/0.5.0/package.tgz
52 silly lockFile c067c0e0-ar-usr-lib-node-modules-markdown tar:///usr/lib/node_modules/markdown
53 verbose lock tar:///usr/lib/node_modules/markdown /home/sebastien/.npm/c067c0e0-ar-usr-lib-node-modules-markdown.lock
54 silly lockFile 0b341780-n-npm-markdown-0-5-0-package-tgz tar:///home/sebastien/.npm/markdown/0.5.0/package.tgz
55 verbose lock tar:///home/sebastien/.npm/markdown/0.5.0/package.tgz /home/sebastien/.npm/0b341780-n-npm-markdown-0-5-0-package-tgz.lock
56 silly gunzTarPerm modes [ '775', '664' ]
57 error Error: EACCES, mkdir '/usr/lib/node_modules/markdown'
57 error  { [Error: EACCES, mkdir '/usr/lib/node_modules/markdown']
57 error   errno: 3,
57 error   code: 'EACCES',
57 error   path: '/usr/lib/node_modules/markdown',
57 error   fstream_type: 'Directory',
57 error   fstream_path: '/usr/lib/node_modules/markdown',
57 error   fstream_class: 'DirWriter',
57 error   fstream_stack:
57 error    [ '/usr/lib/node_modules/npm/node_modules/fstream/lib/dir-writer.js:36:23',
57 error      '/usr/lib/node_modules/npm/node_modules/mkdirp/index.js:46:53',
57 error      'Object.oncomplete (fs.js:107:15)' ] }
58 error Please try running this command again as root/Administrator.
59 error System Linux 3.13.0-37-generic
60 error command "/usr/bin/node" "/usr/bin/npm" "install" "-g" "markdown"
61 error cwd /web/www/workspace/openstore/public/themes/openstore
62 error node -v v0.10.33
63 error npm -v 1.4.28
64 error path /usr/lib/node_modules/markdown
65 error fstream_path /usr/lib/node_modules/markdown
66 error fstream_type Directory
67 error fstream_class DirWriter
68 error code EACCES
69 error errno 3
70 error stack Error: EACCES, mkdir '/usr/lib/node_modules/markdown'
71 error fstream_stack /usr/lib/node_modules/npm/node_modules/fstream/lib/dir-writer.js:36:23
71 error fstream_stack /usr/lib/node_modules/npm/node_modules/mkdirp/index.js:46:53
71 error fstream_stack Object.oncomplete (fs.js:107:15)
72 verbose exit [ 3, true ]
